2020/09/23 | 16:31:03.993
DEBUG		main.py		<module>
|==============|
| N E W  D A Y |
|==============|

2020/09/23 | 16:31:05.785
INFO		main.py		job
Running main Script

2021/08/20 | 14:55:44.482
DEBUG		main.py		<module>
|==============|
| N E W  D A Y |
|==============|

2021/08/20 | 14:55:46.272
INFO		main.py		job
Running main Script

2021/08/20 | 14:56:16.730
DEBUG		main.py		<module>
|==============|
| N E W  D A Y |
|==============|

2021/08/20 | 14:56:18.513
INFO		main.py		job
Running main Script

2021/09/04 | 18:29:27.688
DEBUG		main.py		<module>
|==============|
| N E W  D A Y |
|==============|

2021/09/04 | 18:29:29.497
INFO		main.py		job
Running main Script

